Determining if the pthread_create exist failed with the following output:
Change Dir: //scratch/cluster/zmisso/ElasticBodies/3dUnion/CMakeFiles/CMakeTmp

Run Build Command:/usr/bin/make "cmTryCompileExec592456546/fast"
/usr/bin/make -f CMakeFiles/cmTryCompileExec592456546.dir/build.make CMakeFiles/cmTryCompileExec592456546.dir/build
make[1]: Entering directory `/scratch/cluster/zmisso/ElasticBodies/3dUnion/CMakeFiles/CMakeTmp'
/usr/bin/cmake -E cmake_progress_report //scratch/cluster/zmisso/ElasticBodies/3dUnion/CMakeFiles/CMakeTmp/CMakeFiles 1
Building C object CMakeFiles/cmTryCompileExec592456546.dir/CheckSymbolExists.c.o
/usr/bin/cc    -o CMakeFiles/cmTryCompileExec592456546.dir/CheckSymbolExists.c.o   -c //scratch/cluster/zmisso/ElasticBodies/3dUnion/CMakeFiles/CMakeTmp/CheckSymbolExists.c
Linking C executable cmTryCompileExec592456546
/usr/bin/cmake -E cmake_link_script CMakeFiles/cmTryCompileExec592456546.dir/link.txt --verbose=1
/usr/bin/cc       CMakeFiles/cmTryCompileExec592456546.dir/CheckSymbolExists.c.o  -o cmTryCompileExec592456546 -rdynamic 
CMakeFiles/cmTryCompileExec592456546.dir/CheckSymbolExists.c.o: In function `main':
CheckSymbolExists.c:(.text+0x16): undefined reference to `pthread_create'
collect2: error: ld returned 1 exit status
make[1]: Leaving directory `/scratch/cluster/zmisso/ElasticBodies/3dUnion/CMakeFiles/CMakeTmp'
make[1]: *** [cmTryCompileExec592456546] Error 1
make: *** [cmTryCompileExec592456546/fast] Error 2

File //scratch/cluster/zmisso/ElasticBodies/3dUnion/CMakeFiles/CMakeTmp/CheckSymbolExists.c:
/* */
#include <pthread.h>

int main(int argc, char** argv)
{
  (void)argv;
#ifndef pthread_create
  return ((int*)(&pthread_create))[argc];
#else
  (void)argc;
  return 0;
#endif
}

Determining if the function pthread_create exists in the pthreads failed with the following output:
Change Dir: //scratch/cluster/zmisso/ElasticBodies/3dUnion/CMakeFiles/CMakeTmp

Run Build Command:/usr/bin/make "cmTryCompileExec723558651/fast"
/usr/bin/make -f CMakeFiles/cmTryCompileExec723558651.dir/build.make CMakeFiles/cmTryCompileExec723558651.dir/build
make[1]: Entering directory `/scratch/cluster/zmisso/ElasticBodies/3dUnion/CMakeFiles/CMakeTmp'
/usr/bin/cmake -E cmake_progress_report //scratch/cluster/zmisso/ElasticBodies/3dUnion/CMakeFiles/CMakeTmp/CMakeFiles 1
Building C object CMakeFiles/cmTryCompileExec723558651.dir/CheckFunctionExists.c.o
/usr/bin/cc   -DCHECK_FUNCTION_EXISTS=pthread_create   -o CMakeFiles/cmTryCompileExec723558651.dir/CheckFunctionExists.c.o   -c /usr/share/cmake-2.8/Modules/CheckFunctionExists.c
Linking C executable cmTryCompileExec723558651
/usr/bin/cmake -E cmake_link_script CMakeFiles/cmTryCompileExec723558651.dir/link.txt --verbose=1
/usr/bin/cc   -DCHECK_FUNCTION_EXISTS=pthread_create    CMakeFiles/cmTryCompileExec723558651.dir/CheckFunctionExists.c.o  -o cmTryCompileExec723558651 -rdynamic -lpthreads 
/usr/bin/ld: cannot find -lpthreads
collect2: error: ld returned 1 exit status
make[1]: Leaving directory `/scratch/cluster/zmisso/ElasticBodies/3dUnion/CMakeFiles/CMakeTmp'
make[1]: *** [cmTryCompileExec723558651] Error 1
make: *** [cmTryCompileExec723558651/fast] Error 2


Performing C++ SOURCE FILE Test HAS_CPP14_FLAG failed with the following output:
Change Dir: //scratch/cluster/zmisso/ElasticBodies/3dUnion/CMakeFiles/CMakeTmp

Run Build Command:/usr/bin/make "cmTryCompileExec4255910094/fast"
/usr/bin/make -f CMakeFiles/cmTryCompileExec4255910094.dir/build.make CMakeFiles/cmTryCompileExec4255910094.dir/build
make[1]: Entering directory `/scratch/cluster/zmisso/ElasticBodies/3dUnion/CMakeFiles/CMakeTmp'
/usr/bin/cmake -E cmake_progress_report //scratch/cluster/zmisso/ElasticBodies/3dUnion/CMakeFiles/CMakeTmp/CMakeFiles 1
Building CXX object CMakeFiles/cmTryCompileExec4255910094.dir/src.cxx.o
/usr/bin/c++    -std=c++11 -g -Wall -Wno-reorder -Wno-unknown-pragmas -Wno-deprecated-declarations -DTETLIBRARY -Wall -Wextra -DHAS_CPP14_FLAG   -std=c++14 -o CMakeFiles/cmTryCompileExec4255910094.dir/src.cxx.o -c //scratch/cluster/zmisso/ElasticBodies/3dUnion/CMakeFiles/CMakeTmp/src.cxx
c++: error: unrecognized command line option '-std=c++14'
make[1]: Leaving directory `/scratch/cluster/zmisso/ElasticBodies/3dUnion/CMakeFiles/CMakeTmp'
make[1]: *** [CMakeFiles/cmTryCompileExec4255910094.dir/src.cxx.o] Error 1
make: *** [cmTryCompileExec4255910094/fast] Error 2

Source file was:
int main() { return 0;}
