Determining if the pthread_create exist failed with the following output:
Change Dir: /home/vismay/ElasticBodies/Simulation/build/CMakeFiles/CMakeTmp

Run Build Command:"/usr/bin/make" "cmTC_77729/fast"
/usr/bin/make -f CMakeFiles/cmTC_77729.dir/build.make CMakeFiles/cmTC_77729.dir/build
make[1]: Entering directory '/home/vismay/ElasticBodies/Simulation/build/CMakeFiles/CMakeTmp'
Building C object CMakeFiles/cmTC_77729.dir/CheckSymbolExists.c.o
/usr/bin/cc     -o CMakeFiles/cmTC_77729.dir/CheckSymbolExists.c.o   -c /home/vismay/ElasticBodies/Simulation/build/CMakeFiles/CMakeTmp/CheckSymbolExists.c
Linking C executable cmTC_77729
/usr/bin/cmake -E cmake_link_script CMakeFiles/cmTC_77729.dir/link.txt --verbose=1
/usr/bin/cc       CMakeFiles/cmTC_77729.dir/CheckSymbolExists.c.o  -o cmTC_77729 -rdynamic 
CMakeFiles/cmTC_77729.dir/CheckSymbolExists.c.o: In function `main':
CheckSymbolExists.c:(.text+0x16): undefined reference to `pthread_create'
collect2: error: ld returned 1 exit status
CMakeFiles/cmTC_77729.dir/build.make:97: recipe for target 'cmTC_77729' failed
make[1]: *** [cmTC_77729] Error 1
make[1]: Leaving directory '/home/vismay/ElasticBodies/Simulation/build/CMakeFiles/CMakeTmp'
Makefile:126: recipe for target 'cmTC_77729/fast' failed
make: *** [cmTC_77729/fast] Error 2

File /home/vismay/ElasticBodies/Simulation/build/CMakeFiles/CMakeTmp/CheckSymbolExists.c:
/* */
#include <pthread.h>

int main(int argc, char** argv)
{
  (void)argv;
#ifndef pthread_create
  return ((int*)(&pthread_create))[argc];
#else
  (void)argc;
  return 0;
#endif
}

Determining if the function pthread_create exists in the pthreads failed with the following output:
Change Dir: /home/vismay/ElasticBodies/Simulation/build/CMakeFiles/CMakeTmp

Run Build Command:"/usr/bin/make" "cmTC_46eef/fast"
/usr/bin/make -f CMakeFiles/cmTC_46eef.dir/build.make CMakeFiles/cmTC_46eef.dir/build
make[1]: Entering directory '/home/vismay/ElasticBodies/Simulation/build/CMakeFiles/CMakeTmp'
Building C object CMakeFiles/cmTC_46eef.dir/CheckFunctionExists.c.o
/usr/bin/cc    -DCHECK_FUNCTION_EXISTS=pthread_create   -o CMakeFiles/cmTC_46eef.dir/CheckFunctionExists.c.o   -c /usr/share/cmake-3.5/Modules/CheckFunctionExists.c
Linking C executable cmTC_46eef
/usr/bin/cmake -E cmake_link_script CMakeFiles/cmTC_46eef.dir/link.txt --verbose=1
/usr/bin/cc   -DCHECK_FUNCTION_EXISTS=pthread_create    CMakeFiles/cmTC_46eef.dir/CheckFunctionExists.c.o  -o cmTC_46eef -rdynamic -lpthreads 
/usr/bin/ld: cannot find -lpthreads
collect2: error: ld returned 1 exit status
CMakeFiles/cmTC_46eef.dir/build.make:97: recipe for target 'cmTC_46eef' failed
make[1]: *** [cmTC_46eef] Error 1
make[1]: Leaving directory '/home/vismay/ElasticBodies/Simulation/build/CMakeFiles/CMakeTmp'
Makefile:126: recipe for target 'cmTC_46eef/fast' failed
make: *** [cmTC_46eef/fast] Error 2


Determining if the function glXGetProcAddressEXT exists failed with the following output:
Change Dir: /home/vismay/ElasticBodies/Simulation/build/CMakeFiles/CMakeTmp

Run Build Command:"/usr/bin/make" "cmTC_d001f/fast"
/usr/bin/make -f CMakeFiles/cmTC_d001f.dir/build.make CMakeFiles/cmTC_d001f.dir/build
make[1]: Entering directory '/home/vismay/ElasticBodies/Simulation/build/CMakeFiles/CMakeTmp'
Building C object CMakeFiles/cmTC_d001f.dir/CheckFunctionExists.c.o
/usr/bin/cc    -DCHECK_FUNCTION_EXISTS=glXGetProcAddressEXT   -o CMakeFiles/cmTC_d001f.dir/CheckFunctionExists.c.o   -c /usr/share/cmake-3.5/Modules/CheckFunctionExists.c
Linking C executable cmTC_d001f
/usr/bin/cmake -E cmake_link_script CMakeFiles/cmTC_d001f.dir/link.txt --verbose=1
/usr/bin/cc   -DCHECK_FUNCTION_EXISTS=glXGetProcAddressEXT    CMakeFiles/cmTC_d001f.dir/CheckFunctionExists.c.o  -o cmTC_d001f -rdynamic /usr/lib/x86_64-linux-gnu/libGL.so 
CMakeFiles/cmTC_d001f.dir/CheckFunctionExists.c.o: In function `main':
CheckFunctionExists.c:(.text+0x15): undefined reference to `glXGetProcAddressEXT'
collect2: error: ld returned 1 exit status
CMakeFiles/cmTC_d001f.dir/build.make:98: recipe for target 'cmTC_d001f' failed
make[1]: *** [cmTC_d001f] Error 1
make[1]: Leaving directory '/home/vismay/ElasticBodies/Simulation/build/CMakeFiles/CMakeTmp'
Makefile:126: recipe for target 'cmTC_d001f/fast' failed
make: *** [cmTC_d001f/fast] Error 2


